2022-04-17 19:24:47 INFO  Main:15 - So, it begins...
2022-04-17 19:24:47 INFO  SISExecutor:19 - SIS executor has started his work
2022-04-17 19:24:58 INFO  SISExecutor:40 - Reading command started
2022-04-17 19:24:58 ERROR SISExecutor:54 - Execution ended with execution exception
2022-04-17 19:24:58 INFO  Main:35 - We did it!
2022-04-17 19:37:34 INFO  Main:15 - So, it begins...
2022-04-17 19:37:34 INFO  SISExecutor:19 - SIS executor has started his work
2022-04-17 19:37:43 INFO  SISExecutor:40 - Reading command started
2022-04-17 19:37:43 ERROR SISExecutor:54 - Execution ended with execution exception
2022-04-17 19:37:43 INFO  Main:35 - We did it!
2022-04-17 19:44:53 INFO  Main:15 - So, it begins...
2022-04-17 19:44:53 INFO  SISExecutor:19 - SIS executor has started his work
2022-04-17 19:44:57 INFO  SISExecutor:40 - Reading command started
2022-04-17 19:44:57 ERROR SISExecutor:54 - Execution ended with execution exception
2022-04-17 19:44:57 INFO  Main:35 - We did it!
2022-04-17 19:47:16 INFO  Main:15 - So, it begins...
2022-04-17 19:47:16 INFO  SISExecutor:19 - SIS executor has started his work
2022-04-17 19:47:21 INFO  SISExecutor:40 - Reading command started
2022-04-17 19:47:21 ERROR SISExecutor:54 - Execution ended with execution exception
2022-04-17 19:47:21 INFO  Main:35 - We did it!
2022-04-17 19:48:29 INFO  Main:15 - So, it begins...
2022-04-17 19:48:29 INFO  SISExecutor:19 - SIS executor has started his work
2022-04-17 19:48:34 INFO  SISExecutor:40 - Reading command started
2022-04-17 19:48:34 ERROR SISExecutor:54 - Execution ended with execution exception
2022-04-17 19:48:34 INFO  Main:35 - We did it!
2022-04-17 19:49:05 INFO  Main:15 - So, it begins...
2022-04-17 19:49:05 INFO  SISExecutor:19 - SIS executor has started his work
2022-04-17 19:49:10 INFO  SISExecutor:40 - Reading command started
2022-04-17 19:49:10 ERROR SISExecutor:46 - No such command
2022-04-17 19:49:14 INFO  SISExecutor:40 - Reading command started
2022-04-17 19:49:59 INFO  Main:15 - So, it begins...
2022-04-17 19:49:59 INFO  SISExecutor:19 - SIS executor has started his work
2022-04-17 19:50:04 INFO  SISExecutor:40 - Reading command started
2022-04-17 19:50:04 ERROR SISExecutor:50 - Bad amount of command args
2022-04-17 19:50:11 INFO  SISExecutor:40 - Reading command started
2022-04-17 19:50:14 INFO  SISExecutor:40 - Reading command started
2022-04-17 19:50:20 INFO  SISExecutor:40 - Reading command started
2022-04-17 19:50:21 INFO  SISExecutor:40 - Reading command started
2022-04-17 19:50:23 INFO  SISExecutor:40 - Reading command started
2022-04-17 19:50:27 INFO  Main:35 - We did it!
2022-04-18 17:27:12 INFO  Main:15 - So, it begins...
2022-04-18 17:27:12 INFO  SISExecutor:19 - SIS executor has started his work
2022-04-18 17:27:16 INFO  SISExecutor:40 - Reading command started
2022-04-18 17:27:16 ERROR SISExecutor:65 - Execution ended with execution exception
2022-04-18 17:27:32 INFO  SISExecutor:40 - Reading command started
2022-04-18 17:27:32 ERROR SISExecutor:65 - Execution ended with execution exception
2022-04-18 17:29:30 INFO  Main:15 - So, it begins...
2022-04-18 17:29:30 INFO  SISExecutor:19 - SIS executor has started his work
2022-04-18 17:29:35 INFO  SISExecutor:40 - Reading command started
2022-04-18 17:29:35 ERROR SISExecutor:66 - Execution ended with execution exception
2022-04-18 17:31:47 INFO  Main:15 - So, it begins...
2022-04-18 17:31:47 INFO  SISExecutor:19 - SIS executor has started his work
2022-04-18 17:31:51 INFO  SISExecutor:40 - Reading command started
2022-04-18 17:31:51 ERROR SISExecutor:66 - Execution ended with execution exception
2022-04-18 17:32:45 INFO  SISExecutor:40 - Reading command started
2022-04-18 17:32:45 ERROR SISExecutor:66 - Execution ended with execution exception
2022-04-18 17:36:48 INFO  Main:15 - So, it begins...
2022-04-18 17:36:48 INFO  SISExecutor:19 - SIS executor has started his work
2022-04-18 17:37:06 INFO  SISExecutor:40 - Reading command started
2022-04-18 17:37:06 ERROR SISExecutor:66 - Execution ended with execution exception
2022-04-18 17:37:31 INFO  SISExecutor:40 - Reading command started
2022-04-18 17:37:31 ERROR SISExecutor:66 - Execution ended with execution exception
2022-04-18 17:44:03 INFO  Main:15 - So, it begins...
2022-04-18 17:44:03 INFO  SISExecutor:19 - SIS executor has started his work
2022-04-18 17:44:10 INFO  SISExecutor:40 - Reading command started
2022-04-18 17:44:10 ERROR SISExecutor:66 - Execution ended with execution exception
2022-04-18 17:44:51 INFO  Main:15 - So, it begins...
2022-04-18 17:44:51 INFO  SISExecutor:19 - SIS executor has started his work
2022-04-18 17:44:56 INFO  SISExecutor:40 - Reading command started
2022-04-18 17:44:56 ERROR SISExecutor:66 - Execution ended with execution exception
2022-04-18 17:45:36 INFO  Main:15 - So, it begins...
2022-04-18 17:45:36 INFO  SISExecutor:19 - SIS executor has started his work
2022-04-18 17:45:39 INFO  SISExecutor:40 - Reading command started
2022-04-18 17:45:39 ERROR SISExecutor:66 - Execution ended with execution exception
2022-04-18 17:50:20 INFO  Main:15 - So, it begins...
2022-04-18 17:50:20 INFO  SISExecutor:19 - SIS executor has started his work
2022-04-18 17:50:41 INFO  Main:15 - So, it begins...
2022-04-18 17:50:41 INFO  SISExecutor:19 - SIS executor has started his work
2022-04-18 17:50:53 INFO  SISExecutor:40 - Reading command started
2022-04-18 17:50:53 ERROR SISExecutor:66 - Execution ended with execution exception
2022-04-18 17:51:05 INFO  Main:15 - So, it begins...
2022-04-18 17:51:05 INFO  SISExecutor:19 - SIS executor has started his work
2022-04-18 17:51:10 INFO  SISExecutor:40 - Reading command started
2022-04-18 17:51:10 ERROR SISExecutor:66 - Execution ended with execution exception
2022-04-18 17:51:24 INFO  SISExecutor:40 - Reading command started
2022-04-18 17:51:24 ERROR SISExecutor:66 - Execution ended with execution exception
2022-04-18 17:54:43 INFO  Main:15 - So, it begins...
2022-04-18 17:54:43 INFO  SISExecutor:19 - SIS executor has started his work
2022-04-18 17:54:49 INFO  SISExecutor:40 - Reading command started
2022-04-18 17:54:49 ERROR SISExecutor:66 - Execution ended with execution exception
2022-04-18 20:17:48 INFO  Main:15 - So, it begins...
2022-04-18 20:17:48 INFO  SISExecutor:19 - SIS executor has started his work
2022-04-18 20:17:54 INFO  SISExecutor:40 - Reading command started
2022-04-18 20:17:54 ERROR SISExecutor:66 - Execution ended with execution exception
2022-04-18 20:18:14 INFO  SISExecutor:40 - Reading command started
2022-04-18 20:18:14 ERROR SISExecutor:66 - Execution ended with execution exception
2022-04-18 20:20:50 INFO  Main:15 - So, it begins...
2022-04-18 20:20:50 INFO  SISExecutor:19 - SIS executor has started his work
2022-04-18 20:20:56 INFO  SISExecutor:40 - Reading command started
2022-04-18 20:20:56 ERROR SISExecutor:66 - Execution ended with execution exception
2022-04-18 20:21:09 INFO  SISExecutor:40 - Reading command started
2022-04-18 20:21:12 INFO  SISExecutor:40 - Reading command started
2022-04-18 20:21:12 ERROR SISExecutor:46 - No such command
2022-04-18 20:21:15 INFO  SISExecutor:40 - Reading command started
2022-04-18 20:21:26 INFO  Main:15 - So, it begins...
2022-04-18 20:21:26 INFO  SISExecutor:19 - SIS executor has started his work
2022-04-18 20:21:54 INFO  SISExecutor:40 - Reading command started
2022-04-18 20:21:57 INFO  SISExecutor:40 - Reading command started
2022-04-18 20:22:03 INFO  SISExecutor:40 - Reading command started
2022-04-18 20:22:06 INFO  SISExecutor:40 - Reading command started
2022-04-18 20:22:08 INFO  SISExecutor:40 - Reading command started
2022-04-18 20:22:11 INFO  SISExecutor:40 - Reading command started
2022-04-18 20:22:17 INFO  SISExecutor:40 - Reading command started
2022-04-18 20:22:19 INFO  SISExecutor:40 - Reading command started
2022-04-18 20:22:23 INFO  SISExecutor:40 - Reading command started
2022-04-18 20:22:24 INFO  SISExecutor:40 - Reading command started
2022-04-18 20:22:24 ERROR SISExecutor:46 - No such command
2022-04-18 20:22:26 INFO  SISExecutor:40 - Reading command started
2022-04-18 20:22:33 INFO  SISExecutor:40 - Reading command started
2022-04-18 20:22:33 ERROR SISExecutor:46 - No such command
